<?xml version='1.0'?>
<ns2:test-suite xmlns:ns2='urn:model.allure.qatools.yandex.ru' start='1589192863118' stop='1589192875801'>
    <name>Login Page Feature Test</name>
    <title>Login Page Feature Test</title>
    <test-cases>
        <test-case start='1589192863118' status='broken' stop='1589192866329'>
            <name>Verify login Page title</name>
            <title>Verify login Page title</title>
            <labels>
                <label name='language' value='javascript'/>
                <label name='framework' value='wdio'/>
                <label name='thread' value='0-1'/>
            </labels>
            <parameters>
                <parameter kind='argument' name='browser' value='Chrome-10.0.18363'/>
            </parameters>
            <steps>
                <step start='1589192863281' status='passed' stop='1589192865786'>
                    <name>undefined undefined</name>
                    <title>undefined undefined</title>
                    <attachments/>
                    <steps/>
                </step>
                <step start='1589192865802' status='passed' stop='1589192866321'>
                    <name>undefined undefined</name>
                    <title>undefined undefined</title>
                    <attachments/>
                    <steps/>
                </step>
            </steps>
            <attachments/>
            <failure>
                <message>Command "maximizeWindow" is not yet implemented</message>
                <stack-trace>Error: Command "maximizeWindow" is not yet implemented
                    at Browser.retries (C:\Workspace-JS\WEBIO-App-POM-Framework\node_modules\devtools\build\devtoolsdriver.js:75:15)
                    at Browser.runCommandWithHooks (C:\Workspace-JS\WEBIO-App-POM-Framework\node_modules\@wdio\sync\build\wrapCommand.js:88:30)
                    at processTicksAndRejections (internal/process/task_queues.js:97:5)
                    at Browser.runCommandWithHooks (C:\Workspace-JS\WEBIO-App-POM-Framework\node_modules\@wdio\sync\build\wrapCommand.js:82:22)
                    at Browser.wrapCommandFn (C:\Workspace-JS\WEBIO-App-POM-Framework\node_modules\@wdio\sync\build\wrapCommand.js:59:40)
                    at Context.&lt;anonymous> (C:\Workspace-JS\WEBIO-App-POM-Framework\test\login.test.js:12:17)
                    at Context.executeSync (C:\Workspace-JS\WEBIO-App-POM-Framework\node_modules\@wdio\sync\build\index.js:56:18)
                    at C:\Workspace-JS\WEBIO-App-POM-Framework\node_modules\@wdio\sync\build\index.js:82:70</stack-trace>
            </failure>
        </test-case>
        <test-case start='1589192866329' status='broken' stop='1589192867381'>
            <name>Verify SignUp Link</name>
            <title>Verify SignUp Link</title>
            <labels>
                <label name='language' value='javascript'/>
                <label name='framework' value='wdio'/>
                <label name='thread' value='0-1'/>
            </labels>
            <parameters>
                <parameter kind='argument' name='browser' value='Chrome-10.0.18363'/>
            </parameters>
            <steps>
                <step start='1589192866341' status='broken' stop='1589192867381'>
                    <name>undefined undefined</name>
                    <title>undefined undefined</title>
                    <attachments/>
                    <steps>
                        <step start='1589192866795' status='passed' stop='1589192867378'>
                            <name>undefined undefined</name>
                            <title>undefined undefined</title>
                            <attachments/>
                            <steps/>
                        </step>
                    </steps>
                </step>
            </steps>
            <attachments/>
            <failure>
                <message>net::ERR_ABORTED at https://app.hubspot.com/</message>
                <stack-trace>net::ERR_ABORTED at https://app.hubspot.com/
                    at Frame.&lt;anonymous> (C:\Workspace-JS\WEBIO-App-POM-Framework\node_modules\puppeteer-core\lib\helper.js:82:19)
                    at Page.goto (C:\Workspace-JS\WEBIO-App-POM-Framework\node_modules\puppeteer-core\lib\Page.js:440:53)
                    at Page.&lt;anonymous> (C:\Workspace-JS\WEBIO-App-POM-Framework\node_modules\puppeteer-core\lib\helper.js:83:27)
                    at DevToolsDriver.navigateTo (C:\Workspace-JS\WEBIO-App-POM-Framework\node_modules\devtools\build\commands\navigateTo.js:13:14)
                    at Browser.wrappedCommand (C:\Workspace-JS\WEBIO-App-POM-Framework\node_modules\devtools\build\devtoolsdriver.js:92:47)
                    at processTicksAndRejections (internal/process/task_queues.js:97:5)
                    at async Browser.runCommandWithHooks (C:\Workspace-JS\WEBIO-App-POM-Framework\node_modules\@wdio\sync\build\wrapCommand.js:88:21)
                    at Browser.runCommandWithHooks (C:\Workspace-JS\WEBIO-App-POM-Framework\node_modules\@wdio\sync\build\wrapCommand.js:82:22)
                    at Browser.wrapCommandFn (C:\Workspace-JS\WEBIO-App-POM-Framework\node_modules\@wdio\sync\build\wrapCommand.js:59:40)
                    at Context.&lt;anonymous> (C:\Workspace-JS\WEBIO-App-POM-Framework\test\login.test.js:22:17)
                    at Context.executeSync (C:\Workspace-JS\WEBIO-App-POM-Framework\node_modules\@wdio\sync\build\index.js:56:18)
                    at C:\Workspace-JS\WEBIO-App-POM-Framework\node_modules\@wdio\sync\build\index.js:82:70</stack-trace>
            </failure>
        </test-case>
        <test-case start='1589192867382' status='passed' stop='1589192875797'>
            <name>Login To Application</name>
            <title>Login To Application</title>
            <labels>
                <label name='language' value='javascript'/>
                <label name='framework' value='wdio'/>
                <label name='thread' value='0-1'/>
            </labels>
            <parameters>
                <parameter kind='argument' name='browser' value='Chrome-10.0.18363'/>
            </parameters>
            <steps>
                <step start='1589192867396' status='passed' stop='1589192867408'>
                    <name>undefined undefined</name>
                    <title>undefined undefined</title>
                    <attachments/>
                    <steps/>
                </step>
                <step start='1589192867436' status='passed' stop='1589192867444'>
                    <name>undefined undefined</name>
                    <title>undefined undefined</title>
                    <attachments/>
                    <steps/>
                </step>
                <step start='1589192867946' status='passed' stop='1589192867954'>
                    <name>undefined undefined</name>
                    <title>undefined undefined</title>
                    <attachments/>
                    <steps/>
                </step>
                <step start='1589192868441' status='passed' stop='1589192868449'>
                    <name>undefined undefined</name>
                    <title>undefined undefined</title>
                    <attachments/>
                    <steps/>
                </step>
                <step start='1589192868937' status='passed' stop='1589192868937'>
                    <name>undefined undefined</name>
                    <title>undefined undefined</title>
                    <attachments/>
                    <steps/>
                </step>
                <step start='1589192869442' status='passed' stop='1589192869446'>
                    <name>undefined undefined</name>
                    <title>undefined undefined</title>
                    <attachments/>
                    <steps/>
                </step>
                <step start='1589192869942' status='passed' stop='1589192869952'>
                    <name>undefined undefined</name>
                    <title>undefined undefined</title>
                    <attachments/>
                    <steps/>
                </step>
                <step start='1589192870446' status='passed' stop='1589192870455'>
                    <name>undefined undefined</name>
                    <title>undefined undefined</title>
                    <attachments/>
                    <steps/>
                </step>
                <step start='1589192874756' status='passed' stop='1589192874764'>
                    <name>undefined undefined</name>
                    <title>undefined undefined</title>
                    <attachments/>
                    <steps/>
                </step>
                <step start='1589192874788' status='passed' stop='1589192874804'>
                    <name>undefined undefined</name>
                    <title>undefined undefined</title>
                    <attachments/>
                    <steps/>
                </step>
                <step start='1589192874812' status='passed' stop='1589192874824'>
                    <name>undefined undefined</name>
                    <title>undefined undefined</title>
                    <attachments/>
                    <steps/>
                </step>
                <step start='1589192874844' status='passed' stop='1589192875377'>
                    <name>undefined undefined</name>
                    <title>undefined undefined</title>
                    <attachments/>
                    <steps/>
                </step>
                <step start='1589192875385' status='passed' stop='1589192875389'>
                    <name>undefined undefined</name>
                    <title>undefined undefined</title>
                    <attachments/>
                    <steps/>
                </step>
                <step start='1589192875401' status='passed' stop='1589192875409'>
                    <name>undefined undefined</name>
                    <title>undefined undefined</title>
                    <attachments/>
                    <steps/>
                </step>
                <step start='1589192875417' status='passed' stop='1589192875425'>
                    <name>undefined undefined</name>
                    <title>undefined undefined</title>
                    <attachments/>
                    <steps/>
                </step>
                <step start='1589192875433' status='passed' stop='1589192875601'>
                    <name>undefined undefined</name>
                    <title>undefined undefined</title>
                    <attachments/>
                    <steps/>
                </step>
                <step start='1589192875605' status='passed' stop='1589192875609'>
                    <name>undefined undefined</name>
                    <title>undefined undefined</title>
                    <attachments/>
                    <steps/>
                </step>
                <step start='1589192875621' status='passed' stop='1589192875633'>
                    <name>undefined undefined</name>
                    <title>undefined undefined</title>
                    <attachments/>
                    <steps/>
                </step>
                <step start='1589192875641' status='passed' stop='1589192875797'>
                    <name>undefined undefined</name>
                    <title>undefined undefined</title>
                    <attachments/>
                    <steps/>
                </step>
            </steps>
            <attachments/>
        </test-case>
    </test-cases>
</ns2:test-suite>