<?xml version='1.0'?>
<ns2:test-suite xmlns:ns2='urn:model.allure.qatools.yandex.ru' start='1588938517081' stop='1588938529251'>
    <name>Login Page Feature Test</name>
    <title>Login Page Feature Test</title>
    <test-cases>
        <test-case start='1588938517081' status='broken' stop='1588938519937'>
            <name>Verify login Page title</name>
            <title>Verify login Page title</title>
            <labels>
                <label name='language' value='javascript'/>
                <label name='framework' value='wdio'/>
                <label name='thread' value='0-1'/>
            </labels>
            <parameters>
                <parameter kind='argument' name='browser' value='Chrome-10.0.18363'/>
            </parameters>
            <steps>
                <step start='1588938517281' status='passed' stop='1588938519357'>
                    <name>undefined undefined</name>
                    <title>undefined undefined</title>
                    <attachments/>
                    <steps/>
                </step>
                <step start='1588938519373' status='passed' stop='1588938519933'>
                    <name>undefined undefined</name>
                    <title>undefined undefined</title>
                    <attachments/>
                    <steps/>
                </step>
            </steps>
            <attachments/>
            <failure>
                <message>Command "maximizeWindow" is not yet implemented</message>
                <stack-trace>Error: Command "maximizeWindow" is not yet implemented
                    at Browser.retries (C:\Workspace-JS\WEBIO-App-POM-Framework\node_modules\devtools\build\devtoolsdriver.js:75:15)
                    at Browser.runCommandWithHooks (C:\Workspace-JS\WEBIO-App-POM-Framework\node_modules\@wdio\sync\build\wrapCommand.js:88:30)
                    at processTicksAndRejections (internal/process/task_queues.js:97:5)
                    at Browser.runCommandWithHooks (C:\Workspace-JS\WEBIO-App-POM-Framework\node_modules\@wdio\sync\build\wrapCommand.js:82:22)
                    at Browser.wrapCommandFn (C:\Workspace-JS\WEBIO-App-POM-Framework\node_modules\@wdio\sync\build\wrapCommand.js:59:40)
                    at Context.&lt;anonymous> (C:\Workspace-JS\WEBIO-App-POM-Framework\test\login.test.js:12:17)
                    at Context.executeSync (C:\Workspace-JS\WEBIO-App-POM-Framework\node_modules\@wdio\sync\build\index.js:56:18)
                    at C:\Workspace-JS\WEBIO-App-POM-Framework\node_modules\@wdio\sync\build\index.js:82:70</stack-trace>
            </failure>
        </test-case>
        <test-case start='1588938519941' status='broken' stop='1588938520961'>
            <name>Verify SignUp Link</name>
            <title>Verify SignUp Link</title>
            <labels>
                <label name='language' value='javascript'/>
                <label name='framework' value='wdio'/>
                <label name='thread' value='0-1'/>
            </labels>
            <parameters>
                <parameter kind='argument' name='browser' value='Chrome-10.0.18363'/>
            </parameters>
            <steps>
                <step start='1588938519945' status='broken' stop='1588938520961'>
                    <name>undefined undefined</name>
                    <title>undefined undefined</title>
                    <attachments/>
                    <steps>
                        <step start='1588938520385' status='passed' stop='1588938520961'>
                            <name>undefined undefined</name>
                            <title>undefined undefined</title>
                            <attachments/>
                            <steps/>
                        </step>
                    </steps>
                </step>
            </steps>
            <attachments/>
            <failure>
                <message>net::ERR_ABORTED at https://app.hubspot.com/</message>
                <stack-trace>net::ERR_ABORTED at https://app.hubspot.com/
                    at Frame.&lt;anonymous> (C:\Workspace-JS\WEBIO-App-POM-Framework\node_modules\puppeteer-core\lib\helper.js:82:19)
                    at Page.goto (C:\Workspace-JS\WEBIO-App-POM-Framework\node_modules\puppeteer-core\lib\Page.js:440:53)
                    at Page.&lt;anonymous> (C:\Workspace-JS\WEBIO-App-POM-Framework\node_modules\puppeteer-core\lib\helper.js:83:27)
                    at DevToolsDriver.navigateTo (C:\Workspace-JS\WEBIO-App-POM-Framework\node_modules\devtools\build\commands\navigateTo.js:13:14)
                    at Browser.wrappedCommand (C:\Workspace-JS\WEBIO-App-POM-Framework\node_modules\devtools\build\devtoolsdriver.js:92:47)
                    at processTicksAndRejections (internal/process/task_queues.js:97:5)
                    at async Browser.runCommandWithHooks (C:\Workspace-JS\WEBIO-App-POM-Framework\node_modules\@wdio\sync\build\wrapCommand.js:88:21)
                    at Browser.runCommandWithHooks (C:\Workspace-JS\WEBIO-App-POM-Framework\node_modules\@wdio\sync\build\wrapCommand.js:82:22)
                    at Browser.wrapCommandFn (C:\Workspace-JS\WEBIO-App-POM-Framework\node_modules\@wdio\sync\build\wrapCommand.js:59:40)
                    at Context.&lt;anonymous> (C:\Workspace-JS\WEBIO-App-POM-Framework\test\login.test.js:22:17)
                    at Context.executeSync (C:\Workspace-JS\WEBIO-App-POM-Framework\node_modules\@wdio\sync\build\index.js:56:18)
                    at C:\Workspace-JS\WEBIO-App-POM-Framework\node_modules\@wdio\sync\build\index.js:82:70</stack-trace>
            </failure>
        </test-case>
        <test-case start='1588938520965' status='passed' stop='1588938529247'>
            <name>Login To Application</name>
            <title>Login To Application</title>
            <labels>
                <label name='language' value='javascript'/>
                <label name='framework' value='wdio'/>
                <label name='thread' value='0-1'/>
            </labels>
            <parameters>
                <parameter kind='argument' name='browser' value='Chrome-10.0.18363'/>
            </parameters>
            <steps>
                <step start='1588938520977' status='passed' stop='1588938520989'>
                    <name>undefined undefined</name>
                    <title>undefined undefined</title>
                    <attachments/>
                    <steps/>
                </step>
                <step start='1588938521021' status='passed' stop='1588938521025'>
                    <name>undefined undefined</name>
                    <title>undefined undefined</title>
                    <attachments/>
                    <steps/>
                </step>
                <step start='1588938521517' status='passed' stop='1588938521521'>
                    <name>undefined undefined</name>
                    <title>undefined undefined</title>
                    <attachments/>
                    <steps/>
                </step>
                <step start='1588938522017' status='passed' stop='1588938522025'>
                    <name>undefined undefined</name>
                    <title>undefined undefined</title>
                    <attachments/>
                    <steps/>
                </step>
                <step start='1588938522521' status='passed' stop='1588938522521'>
                    <name>undefined undefined</name>
                    <title>undefined undefined</title>
                    <attachments/>
                    <steps/>
                </step>
                <step start='1588938523017' status='passed' stop='1588938523021'>
                    <name>undefined undefined</name>
                    <title>undefined undefined</title>
                    <attachments/>
                    <steps/>
                </step>
                <step start='1588938523514' status='passed' stop='1588938523518'>
                    <name>undefined undefined</name>
                    <title>undefined undefined</title>
                    <attachments/>
                    <steps/>
                </step>
                <step start='1588938524009' status='passed' stop='1588938524016'>
                    <name>undefined undefined</name>
                    <title>undefined undefined</title>
                    <attachments/>
                    <steps/>
                </step>
                <step start='1588938528044' status='passed' stop='1588938528052'>
                    <name>undefined undefined</name>
                    <title>undefined undefined</title>
                    <attachments/>
                    <steps/>
                </step>
                <step start='1588938528076' status='passed' stop='1588938528096'>
                    <name>undefined undefined</name>
                    <title>undefined undefined</title>
                    <attachments/>
                    <steps/>
                </step>
                <step start='1588938528108' status='passed' stop='1588938528124'>
                    <name>undefined undefined</name>
                    <title>undefined undefined</title>
                    <attachments/>
                    <steps/>
                </step>
                <step start='1588938528144' status='passed' stop='1588938528772'>
                    <name>undefined undefined</name>
                    <title>undefined undefined</title>
                    <attachments/>
                    <steps/>
                </step>
                <step start='1588938528780' status='passed' stop='1588938528784'>
                    <name>undefined undefined</name>
                    <title>undefined undefined</title>
                    <attachments/>
                    <steps/>
                </step>
                <step start='1588938528796' status='passed' stop='1588938528812'>
                    <name>undefined undefined</name>
                    <title>undefined undefined</title>
                    <attachments/>
                    <steps/>
                </step>
                <step start='1588938528816' status='passed' stop='1588938528828'>
                    <name>undefined undefined</name>
                    <title>undefined undefined</title>
                    <attachments/>
                    <steps/>
                </step>
                <step start='1588938528836' status='passed' stop='1588938529039'>
                    <name>undefined undefined</name>
                    <title>undefined undefined</title>
                    <attachments/>
                    <steps/>
                </step>
                <step start='1588938529043' status='passed' stop='1588938529047'>
                    <name>undefined undefined</name>
                    <title>undefined undefined</title>
                    <attachments/>
                    <steps/>
                </step>
                <step start='1588938529059' status='passed' stop='1588938529071'>
                    <name>undefined undefined</name>
                    <title>undefined undefined</title>
                    <attachments/>
                    <steps/>
                </step>
                <step start='1588938529079' status='passed' stop='1588938529243'>
                    <name>undefined undefined</name>
                    <title>undefined undefined</title>
                    <attachments/>
                    <steps/>
                </step>
            </steps>
            <attachments/>
        </test-case>
    </test-cases>
</ns2:test-suite>