<?xml version='1.0'?>
<ns2:test-suite xmlns:ns2='urn:model.allure.qatools.yandex.ru' start='1589192926572' stop='1589192939299'>
    <name>Login Page Feature Test</name>
    <title>Login Page Feature Test</title>
    <test-cases>
        <test-case start='1589192926572' status='broken' stop='1589192929217'>
            <name>Verify login Page title</name>
            <title>Verify login Page title</title>
            <labels>
                <label name='language' value='javascript'/>
                <label name='framework' value='wdio'/>
                <label name='thread' value='0-1'/>
            </labels>
            <parameters>
                <parameter kind='argument' name='browser' value='Chrome-10.0.18363'/>
            </parameters>
            <steps>
                <step start='1589192926730' status='passed' stop='1589192928653'>
                    <name>undefined undefined</name>
                    <title>undefined undefined</title>
                    <attachments/>
                    <steps/>
                </step>
                <step start='1589192928669' status='passed' stop='1589192929213'>
                    <name>undefined undefined</name>
                    <title>undefined undefined</title>
                    <attachments/>
                    <steps/>
                </step>
            </steps>
            <attachments/>
            <failure>
                <message>Command "maximizeWindow" is not yet implemented</message>
                <stack-trace>Error: Command "maximizeWindow" is not yet implemented
                    at Browser.retries (C:\Workspace-JS\WEBIO-App-POM-Framework\node_modules\devtools\build\devtoolsdriver.js:75:15)
                    at Browser.runCommandWithHooks (C:\Workspace-JS\WEBIO-App-POM-Framework\node_modules\@wdio\sync\build\wrapCommand.js:88:30)
                    at processTicksAndRejections (internal/process/task_queues.js:97:5)
                    at Browser.runCommandWithHooks (C:\Workspace-JS\WEBIO-App-POM-Framework\node_modules\@wdio\sync\build\wrapCommand.js:82:22)
                    at Browser.wrapCommandFn (C:\Workspace-JS\WEBIO-App-POM-Framework\node_modules\@wdio\sync\build\wrapCommand.js:59:40)
                    at Context.&lt;anonymous> (C:\Workspace-JS\WEBIO-App-POM-Framework\test\login.test.js:12:17)
                    at Context.executeSync (C:\Workspace-JS\WEBIO-App-POM-Framework\node_modules\@wdio\sync\build\index.js:56:18)
                    at C:\Workspace-JS\WEBIO-App-POM-Framework\node_modules\@wdio\sync\build\index.js:82:70</stack-trace>
            </failure>
        </test-case>
        <test-case start='1589192929221' status='broken' stop='1589192930317'>
            <name>Verify SignUp Link</name>
            <title>Verify SignUp Link</title>
            <labels>
                <label name='language' value='javascript'/>
                <label name='framework' value='wdio'/>
                <label name='thread' value='0-1'/>
            </labels>
            <parameters>
                <parameter kind='argument' name='browser' value='Chrome-10.0.18363'/>
            </parameters>
            <steps>
                <step start='1589192929229' status='broken' stop='1589192930317'>
                    <name>undefined undefined</name>
                    <title>undefined undefined</title>
                    <attachments/>
                    <steps>
                        <step start='1589192929737' status='passed' stop='1589192930317'>
                            <name>undefined undefined</name>
                            <title>undefined undefined</title>
                            <attachments/>
                            <steps/>
                        </step>
                    </steps>
                </step>
            </steps>
            <attachments/>
            <failure>
                <message>net::ERR_ABORTED at https://app.hubspot.com/</message>
                <stack-trace>net::ERR_ABORTED at https://app.hubspot.com/
                    at Frame.&lt;anonymous> (C:\Workspace-JS\WEBIO-App-POM-Framework\node_modules\puppeteer-core\lib\helper.js:82:19)
                    at Page.goto (C:\Workspace-JS\WEBIO-App-POM-Framework\node_modules\puppeteer-core\lib\Page.js:440:53)
                    at Page.&lt;anonymous> (C:\Workspace-JS\WEBIO-App-POM-Framework\node_modules\puppeteer-core\lib\helper.js:83:27)
                    at DevToolsDriver.navigateTo (C:\Workspace-JS\WEBIO-App-POM-Framework\node_modules\devtools\build\commands\navigateTo.js:13:14)
                    at Browser.wrappedCommand (C:\Workspace-JS\WEBIO-App-POM-Framework\node_modules\devtools\build\devtoolsdriver.js:92:47)
                    at processTicksAndRejections (internal/process/task_queues.js:97:5)
                    at async Browser.runCommandWithHooks (C:\Workspace-JS\WEBIO-App-POM-Framework\node_modules\@wdio\sync\build\wrapCommand.js:88:21)
                    at Browser.runCommandWithHooks (C:\Workspace-JS\WEBIO-App-POM-Framework\node_modules\@wdio\sync\build\wrapCommand.js:82:22)
                    at Browser.wrapCommandFn (C:\Workspace-JS\WEBIO-App-POM-Framework\node_modules\@wdio\sync\build\wrapCommand.js:59:40)
                    at Context.&lt;anonymous> (C:\Workspace-JS\WEBIO-App-POM-Framework\test\login.test.js:22:17)
                    at Context.executeSync (C:\Workspace-JS\WEBIO-App-POM-Framework\node_modules\@wdio\sync\build\index.js:56:18)
                    at C:\Workspace-JS\WEBIO-App-POM-Framework\node_modules\@wdio\sync\build\index.js:82:70</stack-trace>
            </failure>
        </test-case>
        <test-case start='1589192930317' status='passed' stop='1589192939295'>
            <name>Login To Application</name>
            <title>Login To Application</title>
            <labels>
                <label name='language' value='javascript'/>
                <label name='framework' value='wdio'/>
                <label name='thread' value='0-1'/>
            </labels>
            <parameters>
                <parameter kind='argument' name='browser' value='Chrome-10.0.18363'/>
            </parameters>
            <steps>
                <step start='1589192930348' status='passed' stop='1589192930372'>
                    <name>undefined undefined</name>
                    <title>undefined undefined</title>
                    <attachments/>
                    <steps/>
                </step>
                <step start='1589192930408' status='passed' stop='1589192930416'>
                    <name>undefined undefined</name>
                    <title>undefined undefined</title>
                    <attachments/>
                    <steps/>
                </step>
                <step start='1589192930909' status='passed' stop='1589192930914'>
                    <name>undefined undefined</name>
                    <title>undefined undefined</title>
                    <attachments/>
                    <steps/>
                </step>
                <step start='1589192931411' status='passed' stop='1589192931415'>
                    <name>undefined undefined</name>
                    <title>undefined undefined</title>
                    <attachments/>
                    <steps/>
                </step>
                <step start='1589192931908' status='passed' stop='1589192931914'>
                    <name>undefined undefined</name>
                    <title>undefined undefined</title>
                    <attachments/>
                    <steps/>
                </step>
                <step start='1589192932402' status='passed' stop='1589192932412'>
                    <name>undefined undefined</name>
                    <title>undefined undefined</title>
                    <attachments/>
                    <steps/>
                </step>
                <step start='1589192932918' status='passed' stop='1589192932924'>
                    <name>undefined undefined</name>
                    <title>undefined undefined</title>
                    <attachments/>
                    <steps/>
                </step>
                <step start='1589192933410' status='passed' stop='1589192933421'>
                    <name>undefined undefined</name>
                    <title>undefined undefined</title>
                    <attachments/>
                    <steps/>
                </step>
                <step start='1589192938228' status='passed' stop='1589192938236'>
                    <name>undefined undefined</name>
                    <title>undefined undefined</title>
                    <attachments/>
                    <steps/>
                </step>
                <step start='1589192938252' status='passed' stop='1589192938272'>
                    <name>undefined undefined</name>
                    <title>undefined undefined</title>
                    <attachments/>
                    <steps/>
                </step>
                <step start='1589192938280' status='passed' stop='1589192938288'>
                    <name>undefined undefined</name>
                    <title>undefined undefined</title>
                    <attachments/>
                    <steps/>
                </step>
                <step start='1589192938304' status='passed' stop='1589192938851'>
                    <name>undefined undefined</name>
                    <title>undefined undefined</title>
                    <attachments/>
                    <steps/>
                </step>
                <step start='1589192938859' status='passed' stop='1589192938863'>
                    <name>undefined undefined</name>
                    <title>undefined undefined</title>
                    <attachments/>
                    <steps/>
                </step>
                <step start='1589192938871' status='passed' stop='1589192938883'>
                    <name>undefined undefined</name>
                    <title>undefined undefined</title>
                    <attachments/>
                    <steps/>
                </step>
                <step start='1589192938887' status='passed' stop='1589192938895'>
                    <name>undefined undefined</name>
                    <title>undefined undefined</title>
                    <attachments/>
                    <steps/>
                </step>
                <step start='1589192938899' status='passed' stop='1589192939095'>
                    <name>undefined undefined</name>
                    <title>undefined undefined</title>
                    <attachments/>
                    <steps/>
                </step>
                <step start='1589192939099' status='passed' stop='1589192939103'>
                    <name>undefined undefined</name>
                    <title>undefined undefined</title>
                    <attachments/>
                    <steps/>
                </step>
                <step start='1589192939115' status='passed' stop='1589192939127'>
                    <name>undefined undefined</name>
                    <title>undefined undefined</title>
                    <attachments/>
                    <steps/>
                </step>
                <step start='1589192939131' status='passed' stop='1589192939295'>
                    <name>undefined undefined</name>
                    <title>undefined undefined</title>
                    <attachments/>
                    <steps/>
                </step>
            </steps>
            <attachments/>
        </test-case>
    </test-cases>
</ns2:test-suite>