<?xml version='1.0'?>
<ns2:test-suite xmlns:ns2='urn:model.allure.qatools.yandex.ru' start='1589193008936' stop='1589193020213'>
    <name>Login Page Feature Test</name>
    <title>Login Page Feature Test</title>
    <test-cases>
        <test-case start='1589193008940' status='broken' stop='1589193011678'>
            <name>Verify login Page title</name>
            <title>Verify login Page title</title>
            <labels>
                <label name='language' value='javascript'/>
                <label name='framework' value='wdio'/>
                <label name='thread' value='0-1'/>
            </labels>
            <parameters>
                <parameter kind='argument' name='browser' value='Chrome-10.0.18363'/>
            </parameters>
            <steps>
                <step start='1589193009112' status='passed' stop='1589193011107'>
                    <name>undefined undefined</name>
                    <title>undefined undefined</title>
                    <attachments/>
                    <steps/>
                </step>
                <step start='1589193011131' status='passed' stop='1589193011674'>
                    <name>undefined undefined</name>
                    <title>undefined undefined</title>
                    <attachments/>
                    <steps/>
                </step>
            </steps>
            <attachments/>
            <failure>
                <message>Command "maximizeWindow" is not yet implemented</message>
                <stack-trace>Error: Command "maximizeWindow" is not yet implemented
                    at Browser.retries (C:\Workspace-JS\WEBIO-App-POM-Framework\node_modules\devtools\build\devtoolsdriver.js:75:15)
                    at Browser.runCommandWithHooks (C:\Workspace-JS\WEBIO-App-POM-Framework\node_modules\@wdio\sync\build\wrapCommand.js:88:30)
                    at processTicksAndRejections (internal/process/task_queues.js:97:5)
                    at Browser.runCommandWithHooks (C:\Workspace-JS\WEBIO-App-POM-Framework\node_modules\@wdio\sync\build\wrapCommand.js:82:22)
                    at Browser.wrapCommandFn (C:\Workspace-JS\WEBIO-App-POM-Framework\node_modules\@wdio\sync\build\wrapCommand.js:59:40)
                    at Context.&lt;anonymous> (C:\Workspace-JS\WEBIO-App-POM-Framework\test\login.test.js:12:17)
                    at Context.executeSync (C:\Workspace-JS\WEBIO-App-POM-Framework\node_modules\@wdio\sync\build\index.js:56:18)
                    at C:\Workspace-JS\WEBIO-App-POM-Framework\node_modules\@wdio\sync\build\index.js:82:70</stack-trace>
            </failure>
        </test-case>
        <test-case start='1589193011678' status='broken' stop='1589193012665'>
            <name>Verify SignUp Link</name>
            <title>Verify SignUp Link</title>
            <labels>
                <label name='language' value='javascript'/>
                <label name='framework' value='wdio'/>
                <label name='thread' value='0-1'/>
            </labels>
            <parameters>
                <parameter kind='argument' name='browser' value='Chrome-10.0.18363'/>
            </parameters>
            <steps>
                <step start='1589193011686' status='broken' stop='1589193012665'>
                    <name>undefined undefined</name>
                    <title>undefined undefined</title>
                    <attachments/>
                    <steps>
                        <step start='1589193012110' status='passed' stop='1589193012661'>
                            <name>undefined undefined</name>
                            <title>undefined undefined</title>
                            <attachments/>
                            <steps/>
                        </step>
                    </steps>
                </step>
            </steps>
            <attachments/>
            <failure>
                <message>net::ERR_ABORTED at https://app.hubspot.com/</message>
                <stack-trace>net::ERR_ABORTED at https://app.hubspot.com/
                    at Frame.&lt;anonymous> (C:\Workspace-JS\WEBIO-App-POM-Framework\node_modules\puppeteer-core\lib\helper.js:82:19)
                    at Page.goto (C:\Workspace-JS\WEBIO-App-POM-Framework\node_modules\puppeteer-core\lib\Page.js:440:53)
                    at Page.&lt;anonymous> (C:\Workspace-JS\WEBIO-App-POM-Framework\node_modules\puppeteer-core\lib\helper.js:83:27)
                    at DevToolsDriver.navigateTo (C:\Workspace-JS\WEBIO-App-POM-Framework\node_modules\devtools\build\commands\navigateTo.js:13:14)
                    at Browser.wrappedCommand (C:\Workspace-JS\WEBIO-App-POM-Framework\node_modules\devtools\build\devtoolsdriver.js:92:47)
                    at processTicksAndRejections (internal/process/task_queues.js:97:5)
                    at async Browser.runCommandWithHooks (C:\Workspace-JS\WEBIO-App-POM-Framework\node_modules\@wdio\sync\build\wrapCommand.js:88:21)
                    at Browser.runCommandWithHooks (C:\Workspace-JS\WEBIO-App-POM-Framework\node_modules\@wdio\sync\build\wrapCommand.js:82:22)
                    at Browser.wrapCommandFn (C:\Workspace-JS\WEBIO-App-POM-Framework\node_modules\@wdio\sync\build\wrapCommand.js:59:40)
                    at Context.&lt;anonymous> (C:\Workspace-JS\WEBIO-App-POM-Framework\test\login.test.js:22:17)
                    at Context.executeSync (C:\Workspace-JS\WEBIO-App-POM-Framework\node_modules\@wdio\sync\build\index.js:56:18)
                    at C:\Workspace-JS\WEBIO-App-POM-Framework\node_modules\@wdio\sync\build\index.js:82:70</stack-trace>
            </failure>
        </test-case>
        <test-case start='1589193012665' status='passed' stop='1589193020213'>
            <name>Login To Application</name>
            <title>Login To Application</title>
            <labels>
                <label name='language' value='javascript'/>
                <label name='framework' value='wdio'/>
                <label name='thread' value='0-1'/>
            </labels>
            <parameters>
                <parameter kind='argument' name='browser' value='Chrome-10.0.18363'/>
            </parameters>
            <steps>
                <step start='1589193012677' status='passed' stop='1589193012689'>
                    <name>undefined undefined</name>
                    <title>undefined undefined</title>
                    <attachments/>
                    <steps/>
                </step>
                <step start='1589193012713' status='passed' stop='1589193012721'>
                    <name>undefined undefined</name>
                    <title>undefined undefined</title>
                    <attachments/>
                    <steps/>
                </step>
                <step start='1589193013211' status='passed' stop='1589193013221'>
                    <name>undefined undefined</name>
                    <title>undefined undefined</title>
                    <attachments/>
                    <steps/>
                </step>
                <step start='1589193013711' status='passed' stop='1589193013718'>
                    <name>undefined undefined</name>
                    <title>undefined undefined</title>
                    <attachments/>
                    <steps/>
                </step>
                <step start='1589193014220' status='passed' stop='1589193014226'>
                    <name>undefined undefined</name>
                    <title>undefined undefined</title>
                    <attachments/>
                    <steps/>
                </step>
                <step start='1589193014722' status='passed' stop='1589193014722'>
                    <name>undefined undefined</name>
                    <title>undefined undefined</title>
                    <attachments/>
                    <steps/>
                </step>
                <step start='1589193015209' status='passed' stop='1589193015216'>
                    <name>undefined undefined</name>
                    <title>undefined undefined</title>
                    <attachments/>
                    <steps/>
                </step>
                <step start='1589193015711' status='passed' stop='1589193015719'>
                    <name>undefined undefined</name>
                    <title>undefined undefined</title>
                    <attachments/>
                    <steps/>
                </step>
                <step start='1589193019136' status='passed' stop='1589193019148'>
                    <name>undefined undefined</name>
                    <title>undefined undefined</title>
                    <attachments/>
                    <steps/>
                </step>
                <step start='1589193019164' status='passed' stop='1589193019184'>
                    <name>undefined undefined</name>
                    <title>undefined undefined</title>
                    <attachments/>
                    <steps/>
                </step>
                <step start='1589193019187' status='passed' stop='1589193019199'>
                    <name>undefined undefined</name>
                    <title>undefined undefined</title>
                    <attachments/>
                    <steps/>
                </step>
                <step start='1589193019211' status='passed' stop='1589193019768'>
                    <name>undefined undefined</name>
                    <title>undefined undefined</title>
                    <attachments/>
                    <steps/>
                </step>
                <step start='1589193019772' status='passed' stop='1589193019780'>
                    <name>undefined undefined</name>
                    <title>undefined undefined</title>
                    <attachments/>
                    <steps/>
                </step>
                <step start='1589193019788' status='passed' stop='1589193019804'>
                    <name>undefined undefined</name>
                    <title>undefined undefined</title>
                    <attachments/>
                    <steps/>
                </step>
                <step start='1589193019808' status='passed' stop='1589193019816'>
                    <name>undefined undefined</name>
                    <title>undefined undefined</title>
                    <attachments/>
                    <steps/>
                </step>
                <step start='1589193019824' status='passed' stop='1589193020009'>
                    <name>undefined undefined</name>
                    <title>undefined undefined</title>
                    <attachments/>
                    <steps/>
                </step>
                <step start='1589193020029' status='passed' stop='1589193020033'>
                    <name>undefined undefined</name>
                    <title>undefined undefined</title>
                    <attachments/>
                    <steps/>
                </step>
                <step start='1589193020045' status='passed' stop='1589193020053'>
                    <name>undefined undefined</name>
                    <title>undefined undefined</title>
                    <attachments/>
                    <steps/>
                </step>
                <step start='1589193020061' status='passed' stop='1589193020213'>
                    <name>undefined undefined</name>
                    <title>undefined undefined</title>
                    <attachments/>
                    <steps/>
                </step>
            </steps>
            <attachments/>
        </test-case>
    </test-cases>
</ns2:test-suite>